<?xml version="1.0" encoding="UTF-8"?>
<testsuite xmlns:xsi="http://www.w3.org/2001/XMLSchema-instance" xsi:noNamespaceSchemaLocation="https://maven.apache.org/surefire/maven-surefire-plugin/xsd/surefire-test-report-3.0.xsd" version="3.0" name="runnerfile.Runnerfile" time="3.471" tests="1" errors="1" skipped="0" failures="0">
  <properties>
[...]
</properties>
  <testcase name="To verify the simple form" classname="V1 Training Form" time="3.088">
    <error message="The step &apos;User enters Firstname , Lastname, Email&apos; is undefined.&#10;You can implement this step using the snippet(s) below:&#10;&#10;@When(&quot;User enters Firstname , Lastname, Email&quot;)&#10;public void user_enters_firstname_lastname_email() {&#10;    // Write code here that turns the phrase above into concrete actions&#10;    throw new io.cucumber.java.PendingException();&#10;}&#10;" type="io.cucumber.junit.UndefinedStepException"><![CDATA[io.cucumber.junit.UndefinedStepException: 
The step 'User enters Firstname , Lastname, Email' is undefined.
You can implement this step using the snippet(s) below:

@When("User enters Firstname , Lastname, Email")
public void user_enters_firstname_lastname_email() {
    // Write code here that turns the phrase above into concrete actions
    throw new io.cucumber.java.PendingException();
}

]]></error>
    <system-err><![CDATA[SLF4J(W): No SLF4J providers were found.
SLF4J(W): Defaulting to no-operation (NOP) logger implementation
SLF4J(W): See https://www.slf4j.org/codes.html#noProviders for further details.
Starting ChromeDriver 122.0.6261.69 (81bc525b6a36d91ed7fe98a4b53c6f53c79adbb2-refs/branch-heads/6261_57@{#3}) on port 61665
Only local connections are allowed.
Please see https://chromedriver.chromium.org/security-considerations for suggestions on keeping ChromeDriver safe.
ChromeDriver was started successfully.
Feb 23, 2024 12:39:30 PM org.openqa.selenium.remote.ProtocolHandshake createSession
INFO: Detected dialect: W3C
]]></system-err>
  </testcase>
</testsuite>